<?xml version="1.0" encoding="UTF-8"?>
<testng-results skipped="0" failed="0" ignored="0" total="1" passed="1">
  <reporter-output>
  </reporter-output>
  <suite name="Default suite" duration-ms="203" started-at="2018-04-28T22:25:12Z" finished-at="2018-04-28T22:25:13Z">
    <groups>
    </groups>
    <test name="Default test" duration-ms="203" started-at="2018-04-28T22:25:12Z" finished-at="2018-04-28T22:25:13Z">
      <class name="apitesting.JacksonAPITest">
        <test-method status="PASS" signature="testAPIAttributes()[pri:0, instance:apitesting.JacksonAPITest@5419f379]" name="testAPIAttributes" duration-ms="179" started-at="2018-04-28T22:25:12Z" finished-at="2018-04-28T22:25:13Z">
          <reporter-output>
          </reporter-output>
        </test-method> <!-- testAPIAttributes -->
      </class> <!-- apitesting.JacksonAPITest -->
    </test> <!-- Default test -->
  </suite> <!-- Default suite -->
</testng-results>
